2023-03-29 18:34:15.825 [main] INFO  com.qa.trcrm.utils.Log - Login Page Test Test started!
2023-03-29 18:34:15.860 [main] INFO  com.qa.trcrm.utils.Log - base page laucnhed
2023-03-29 18:34:15.861 [main] ERROR com.qa.trcrm.utils.Log - prop init
2023-03-29 18:34:45.834 [main] DEBUG com.qa.trcrm.utils.Log - driver laucnhed
2023-03-29 18:34:46.233 [main] INFO  com.qa.trcrm.utils.Log - starting test case: verifyLoginPageTitleTest starting
2023-03-29 18:34:46.234 [main] INFO  com.qa.trcrm.utils.Log - verify Login Page Title is correct or not
2023-03-29 18:34:46.234 [main] INFO  com.qa.trcrm.utils.Log - getting Login page title
2023-03-29 18:34:46.246 [main] INFO  com.qa.trcrm.utils.Log - Login page title is: CRM Login CRM | Customer Relationship Management TRCRM
2023-03-29 18:34:46.266 [main] INFO  com.qa.trcrm.utils.Log - test case: verifyLoginPageTitleTest passed!
2023-03-29 18:34:46.280 [main] INFO  com.qa.trcrm.utils.Log - starting test case: verifySignUpNowLinkTest starting
2023-03-29 18:34:46.280 [main] INFO  com.qa.trcrm.utils.Log - verify SignUp Link is correct or not
2023-03-29 18:34:46.820 [main] INFO  com.qa.trcrm.utils.Log - Logging bug in jira
2023-03-29 18:34:50.666 [main] INFO  com.qa.trcrm.utils.Log - new issue created in jira with ID: MCRPROJ-153
2023-03-29 18:34:50.666 [main] ERROR com.qa.trcrm.utils.Log - test case: verifySignUpNowLinkTest failed!
2023-03-29 18:34:50.668 [main] INFO  com.qa.trcrm.utils.Log - starting test case: loginTest starting
2023-03-29 18:34:50.669 [main] INFO  com.qa.trcrm.utils.Log - verify login feature
2023-03-29 18:35:33.436 [main] INFO  com.qa.trcrm.utils.Log - test case: loginTest passed!
2023-03-29 18:35:43.124 [main] INFO  com.qa.trcrm.utils.Log - Login Page Test Test ended!
2023-03-29 18:35:43.132 [main] INFO  com.qa.trcrm.utils.Log - Home Page Test Test started!
2023-03-29 18:36:35.327 [main] INFO  com.qa.trcrm.utils.Log - starting test case: verifyHomePageTitleTest starting
2023-03-29 18:36:35.329 [main] INFO  com.qa.trcrm.utils.Log - null
2023-03-29 18:36:35.357 [main] INFO  com.qa.trcrm.utils.Log - test case: verifyHomePageTitleTest passed!
2023-03-29 18:36:35.360 [main] INFO  com.qa.trcrm.utils.Log - starting test case: verifyHomePageHeaderTest starting
2023-03-29 18:36:35.360 [main] INFO  com.qa.trcrm.utils.Log - null
2023-03-29 18:36:35.509 [main] INFO  com.qa.trcrm.utils.Log - test case: verifyHomePageHeaderTest passed!
2023-03-29 18:36:35.511 [main] INFO  com.qa.trcrm.utils.Log - starting test case: verifyLoggedInUserTest starting
2023-03-29 18:36:35.511 [main] INFO  com.qa.trcrm.utils.Log - null
2023-03-29 18:36:35.605 [main] INFO  com.qa.trcrm.utils.Log - test case: verifyLoggedInUserTest passed!
2023-03-29 18:36:36.845 [main] INFO  com.qa.trcrm.utils.Log - Home Page Test Test ended!
2023-03-29 18:36:36.849 [main] INFO  com.qa.trcrm.utils.Log - Contacts page Test Test started!
2023-03-29 18:37:06.937 [main] INFO  com.qa.trcrm.utils.Log - starting test case: verifyContactsPageTitleTest starting
2023-03-29 18:37:06.946 [main] INFO  com.qa.trcrm.utils.Log - null
2023-03-29 18:37:06.969 [main] INFO  com.qa.trcrm.utils.Log - test case: verifyContactsPageTitleTest passed!
2023-03-29 18:37:40.903 [main] INFO  com.qa.trcrm.utils.Log - starting test case: verifyAddPersonTest starting
2023-03-29 18:37:40.905 [main] INFO  com.qa.trcrm.utils.Log - null
2023-03-29 18:37:55.566 [main] INFO  com.qa.trcrm.utils.Log - test case: verifyAddPersonTest passed!
2023-03-29 18:38:51.023 [main] INFO  com.qa.trcrm.utils.Log - starting test case: verifyAddPersonTest starting
2023-03-29 18:38:51.047 [main] INFO  com.qa.trcrm.utils.Log - null
2023-03-29 18:39:28.738 [main] INFO  com.qa.trcrm.utils.Log - test case: verifyAddPersonTest passed!
2023-03-29 18:39:31.052 [main] INFO  com.qa.trcrm.utils.Log - Contacts page Test Test ended!
